Build started 13/07/2015 5:33:45 PM.
     1>Project "C:\Users\matt.callahan\Desktop\WorkSpace\trunk\GraphStuff\Project1\Project1.vcxproj" on node 2 (Build target(s)).
     1>ClCompile:
         C:\Program Files (x86)\Microsoft Visual Studio 12.0\VC\bin\CL.exe /c /IC:\Users\matt.callahan\Desktop\WorkSpace\trunk\GraphStuff\AIE_GL\include\ /IC:\Users\matt.callahan\Desktop\WorkSpace\trunk\GraphStuff\libraries\glfw3\include\GLFW\ /IC:\Users\matt.callahan\Desktop\WorkSpace\trunk\GraphStuff\libraries\glew\include\ /IC:\Users\matt.callahan\Desktop\WorkSpace\trunk\GraphStuff\Project1\include\ /IC:\Users\matt.callahan\Desktop\WorkSpace\trunk\GraphStuff\libraries\mathlib\ /IC:\Users\matt.callahan\Desktop\WorkSpace\trunk\GraphStuff\libraries\mathlib\include\ /ZI /nologo /W3 /WX- /Od /Oy- /D WIN32 /D _DEBUG /D _CONSOLE /D _UNICODE /D UNICODE /Gm /EHsc /RTC1 /MDd /GS /fp:precise /Zc:wchar_t /Zc:forScope /Fo"C:\Users\matt.callahan\Desktop\WorkSpace\trunk\GraphStuff\CompilerJunk\Project1Debug\\" /Fd"C:\Users\matt.callahan\Desktop\WorkSpace\trunk\GraphStuff\CompilerJunk\Project1Debug\vc120.pdb" /Gd /TP /analyze- /errorReport:prompt source\Graph.cpp
         Graph.cpp
     1>c:\program files (x86)\microsoft visual studio 12.0\vc\include\xutility(3026): error C2678: binary '==' : no operator found which takes a left-hand operand of type 'Node' (or there is no acceptable conversion)
                 c:\program files (x86)\microsoft visual studio 12.0\vc\include\system_error(410): could be 'bool std::operator ==(const std::error_condition &,const std::error_code &) throw()'
                 c:\program files (x86)\microsoft visual studio 12.0\vc\include\system_error(402): or       'bool std::operator ==(const std::error_code &,const std::error_condition &) throw()'
                 c:\program files (x86)\microsoft visual studio 12.0\vc\include\exception(507): or       'bool std::operator ==(const std::exception_ptr &,std::nullptr_t)'
                 c:\program files (x86)\microsoft visual studio 12.0\vc\include\exception(502): or       'bool std::operator ==(std::nullptr_t,const std::exception_ptr &)'
                 c:\program files (x86)\microsoft visual studio 12.0\vc\include\exception(497): or       'bool std::operator ==(const std::exception_ptr &,const std::exception_ptr &)'
                 while trying to match the argument list '(Node, Node *const )'
                 c:\program files (x86)\microsoft visual studio 12.0\vc\include\xutility(3045) : see reference to function template instantiation '_InIt std::_Find<_InIt,_Ty>(_InIt,_InIt,const _Ty &,std::false_type)' being compiled
                 with
                 [
                     _InIt=Node *
         ,            _Ty=Node *
                 ]
                 c:\program files (x86)\microsoft visual studio 12.0\vc\include\xutility(3054) : see reference to function template instantiation '_InIt std::_Find<_Iter,_Ty>(_InIt,_InIt,const _Ty &)' being compiled
                 with
                 [
                     _InIt=Node *
         ,            _Iter=Node *
         ,            _Ty=Node *
                 ]
                 c:\users\matt.callahan\desktop\workspace\trunk\graphstuff\project1\source\graph.cpp(262) : see reference to function template instantiation '_InIt std::find<Node*,Node*>(_InIt,_InIt,const _Ty &)' being compiled
                 with
                 [
                     _InIt=Node *
         ,            _Ty=Node *
                 ]
     1>Done Building Project "C:\Users\matt.callahan\Desktop\WorkSpace\trunk\GraphStuff\Project1\Project1.vcxproj" (Build target(s)) -- FAILED.

Build FAILED.

Time Elapsed 00:00:00.32
